Total of 4 stages
Maximum of 4 atoms/stage
Total of 11 atoms
SKETCH version 1.6.9
Benchmark = /tmp/sketchAIdS8Q.sk
[SKETCH] DONE
Total time = 525
Sketch succeeded with random seed 1804289383 , input sketch available at /tmp/success.sk
SKETCH version 1.6.9
Benchmark = /tmp/sketchGh6034.sk
[SKETCH] DONE
Total time = 510
Sketch succeeded with random seed 846930886 , input sketch available at /tmp/success.sk
SKETCH version 1.6.9
Benchmark = /tmp/sketchoKsuel.sk
[SKETCH] DONE
Total time = 497
Sketch succeeded with random seed 1681692777 , input sketch available at /tmp/success.sk
SKETCH version 1.6.9
Benchmark = /tmp/sketchrBY1fD.sk
[SKETCH] DONE
Total time = 548
Sketch succeeded with random seed 1714636915 , input sketch available at /tmp/success.sk
SKETCH version 1.6.9
Benchmark = /tmp/sketchULNLkX.sk
[SKETCH] DONE
Total time = 490
Sketch succeeded with random seed 1957747793 , input sketch available at /tmp/success.sk
DONE