// flow_index flow_index0
// change_ts0 change_ts01
// flow_index0 flow_index00
// segway_latency segway_latency0
// tmp0 tmp00
// Warning: edge already exists, ignoring add_edge command
digraph graph_output {splines=true node [shape = box style="rounded,filled"];
374122726373381019 [label = "p.flow_index00 = hash5(p.ipv4_src, p.ipv4_dst, p.tcp_src, p.tcp_dst, p.ipv4_proto) % 4096"  fillcolor=white];
14184316442826678615 [label = "p.change_ts00 = change_ts[p.flow_index00]"  fillcolor=white];
17035970282549612576 [label = "p.tmp00 = p.segway_message == 0"  fillcolor=white];
17758408177555826390 [label = "p.change_ts01 = (p.tmp00) ? (p.timestamp) : p.change_ts00"  fillcolor=white];
18234678932573455838 [label = "p.segway_latency0 = (p.tmp00) ? (p.change_ts01) : p.segway_latency"  fillcolor=white];
11657990776340659358 [label = "change_ts[p.flow_index00] = (p.tmp00) ? (p.timestamp) : p.change_ts00"  fillcolor=white];
374122726373381019 -> 14184316442826678615 ;
374122726373381019 -> 11657990776340659358 ;
14184316442826678615 -> 17758408177555826390 ;
14184316442826678615 -> 11657990776340659358 ;
17035970282549612576 -> 17758408177555826390 ;
17035970282549612576 -> 18234678932573455838 ;
17035970282549612576 -> 11657990776340659358 ;
17758408177555826390 -> 18234678932573455838 ;
11657990776340659358 -> 14184316442826678615 ;
}
// Warning: edge already exists, ignoring add_edge command
digraph pipeline_diagram {splines=true node [shape = box style="rounded,filled" fontsize = 10];
7350259606142420100 [label = "p.flow_index00 = hash5(p.ipv4_src, p.ipv4_dst, p.tcp_src, p.tcp_dst, p.ipv4_proto) % 4096;
"  pos = "0,0" fillcolor=white];
12157022389977969094 [label = "p.tmp00 = p.segway_message == 0;
"  pos = "0,75" fillcolor=white];
17028953547923815686 [label = "p.change_ts00 = change_ts[p.flow_index00];
change_ts[p.flow_index00] = (p.tmp00) ? (p.timestamp) : p.change_ts00;
"  pos = "250,0" fillcolor=darkturquoise];
17267008067941024176 [label = "p.change_ts01 = (p.tmp00) ? (p.timestamp) : p.change_ts00;
"  pos = "500,0" fillcolor=white];
16832055529144616446 [label = "p.segway_latency0 = (p.tmp00) ? (p.change_ts01) : p.segway_latency;
"  pos = "750,0" fillcolor=white];
7350259606142420100 -> 17028953547923815686 ;
17028953547923815686 -> 17267008067941024176 ;
12157022389977969094 -> 17028953547923815686 ;
12157022389977969094 -> 17267008067941024176 ;
12157022389977969094 -> 16832055529144616446 ;
17267008067941024176 -> 16832055529144616446 ;
}
