Total of 9 stages
Maximum of 13 atoms/stage
Total of 49 atoms
SKETCH version 1.6.9
Benchmark = /tmp/sketchy884ji.sk
[SKETCH] DONE
Total time = 835
Sketch succeeded with random seed 1804289383 , input sketch available at /tmp/success.sk
SKETCH version 1.6.9
Benchmark = /tmp/sketchVARLaQ.sk
[SKETCH] DONE
Total time = 640
Sketch succeeded with random seed 846930886 , input sketch available at /tmp/success.sk
SKETCH version 1.6.9
Benchmark = /tmp/sketchULbMoq.sk
[SKETCH] DONE
Total time = 544
Sketch succeeded with random seed 1681692777 , input sketch available at /tmp/success.sk
SKETCH version 1.6.9
Benchmark = /tmp/sketchKzzqP2.sk
[SKETCH] DONE
Total time = 447
Sketch succeeded with random seed 1714636915 , input sketch available at /tmp/success.sk
SKETCH version 1.6.9
Benchmark = /tmp/sketchopJD1G.sk
[SKETCH] DONE
Total time = 543
Sketch succeeded with random seed 1957747793 , input sketch available at /tmp/success.sk
SKETCH version 1.6.9
Benchmark = /tmp/sketchTUf8jn.sk
[SKETCH] DONE
Total time = 494
Sketch succeeded with random seed 424238335 , input sketch available at /tmp/success.sk
SKETCH version 1.6.9
Benchmark = /tmp/sketchL5CSq5.sk
[SKETCH] DONE
Total time = 456
Sketch succeeded with random seed 719885386 , input sketch available at /tmp/success.sk
SKETCH version 1.6.9
Benchmark = /tmp/sketchFGxogP.sk
[SKETCH] DONE
Total time = 502
Sketch succeeded with random seed 1649760492 , input sketch available at /tmp/success.sk
DONE