// flow_index flow_index0
// flow_index flow_index1
// flow_index flow_index2
// delta0 delta02
// flow_index0 flow_index00
// flow_index1 flow_index10
// flow_index2 flow_index20
// m0 m02
// n0 n02
// tmp0 tmp00
// tmp1 tmp10
digraph graph_output {splines=true node [shape = box style="rounded,filled"];
5410797043541762492 [label = "p.flow_index20 = hash5(p.ipv4_src, p.ipv4_dst, p.tcp_src, p.tcp_dst, p.ipv4_proto) % 4096"  fillcolor=white];
6364951406777894557 [label = "p.n00 = n[p.flow_index20]"  fillcolor=white];
15094669774313416590 [label = "p.delta00 = delta[p.flow_index20]"  fillcolor=white];
8257834087088697720 [label = "p.m00 = m[p.flow_index20]"  fillcolor=white];
11604228250638333840 [label = "p.n01 = p.n00 + 1"  fillcolor=white];
2664249089758609961 [label = "p.delta01 = p.delta00 + 1"  fillcolor=white];
7413854987604924400 [label = "p.tmp2 = p.delta01 > 25"  fillcolor=white];
13687868908986706633 [label = "p.tmp3 = p.m00 < 10"  fillcolor=white];
9179739408171728302 [label = "p.tmp00 = p.tmp2 && p.tmp3"  fillcolor=white];
2641506639913467305 [label = "p.tmp4 = p.m00 + 1"  fillcolor=white];
7339946666960780849 [label = "p.m01 = (p.tmp00) ? p.tmp4 : p.m00"  fillcolor=white];
11301362893675927040 [label = "p.tmp10 = p.n01 > 100"  fillcolor=white];
2504478091828914833 [label = "p.n02 = (p.tmp10) ? (0) : p.n01"  fillcolor=white];
12583364488186537932 [label = "p.m02 = (p.tmp10) ? (0) : p.m01"  fillcolor=white];
3010653431860013484 [label = "p.delta02 = (p.tmp10) ? (0) : p.delta01"  fillcolor=white];
9977474955517521676 [label = "n[p.flow_index20] = (p.tmp10) ? (0) : p.n01"  fillcolor=white];
4779273318802175525 [label = "delta[p.flow_index20] = (p.tmp10) ? (0) : p.delta01"  fillcolor=white];
2900855261250468833 [label = "m[p.flow_index20] = (p.tmp10) ? (0) : p.m01"  fillcolor=white];
5410797043541762492 -> 6364951406777894557 ;
5410797043541762492 -> 15094669774313416590 ;
5410797043541762492 -> 8257834087088697720 ;
5410797043541762492 -> 9977474955517521676 ;
5410797043541762492 -> 4779273318802175525 ;
5410797043541762492 -> 2900855261250468833 ;
6364951406777894557 -> 11604228250638333840 ;
6364951406777894557 -> 9977474955517521676 ;
15094669774313416590 -> 2664249089758609961 ;
15094669774313416590 -> 4779273318802175525 ;
8257834087088697720 -> 13687868908986706633 ;
8257834087088697720 -> 2641506639913467305 ;
8257834087088697720 -> 7339946666960780849 ;
8257834087088697720 -> 2900855261250468833 ;
11604228250638333840 -> 11301362893675927040 ;
11604228250638333840 -> 2504478091828914833 ;
11604228250638333840 -> 9977474955517521676 ;
2664249089758609961 -> 7413854987604924400 ;
2664249089758609961 -> 3010653431860013484 ;
2664249089758609961 -> 4779273318802175525 ;
7413854987604924400 -> 9179739408171728302 ;
13687868908986706633 -> 9179739408171728302 ;
9179739408171728302 -> 7339946666960780849 ;
2641506639913467305 -> 7339946666960780849 ;
7339946666960780849 -> 12583364488186537932 ;
7339946666960780849 -> 2900855261250468833 ;
11301362893675927040 -> 2504478091828914833 ;
11301362893675927040 -> 12583364488186537932 ;
11301362893675927040 -> 3010653431860013484 ;
11301362893675927040 -> 9977474955517521676 ;
11301362893675927040 -> 4779273318802175525 ;
11301362893675927040 -> 2900855261250468833 ;
9977474955517521676 -> 6364951406777894557 ;
4779273318802175525 -> 15094669774313416590 ;
2900855261250468833 -> 8257834087088697720 ;
}
// Warning: edge already exists, ignoring add_edge command
// Warning: edge already exists, ignoring add_edge command
// Warning: edge already exists, ignoring add_edge command
// Warning: edge already exists, ignoring add_edge command
digraph pipeline_diagram {splines=true node [shape = box style="rounded,filled" fontsize = 10];
5183061525427739788 [label = "p.flow_index20 = hash5(p.ipv4_src, p.ipv4_dst, p.tcp_src, p.tcp_dst, p.ipv4_proto) % 4096;
"  pos = "0,0" fillcolor=white];
8251487587282907634 [label = "p.n00 = n[p.flow_index20];
p.n01 = p.n00 + 1;
p.tmp10 = p.n01 > 100;
n[p.flow_index20] = (p.tmp10) ? (0) : p.n01;
"  pos = "250,0" fillcolor=darkturquoise];
9029537057543364321 [label = "p.delta00 = delta[p.flow_index20];
p.delta01 = p.delta00 + 1;
delta[p.flow_index20] = (p.tmp10) ? (0) : p.delta01;
"  pos = "500,0" fillcolor=darkturquoise];
12120642050126512830 [label = "p.n02 = (p.tmp10) ? (0) : p.n01;
"  pos = "500,75" fillcolor=white];
10405678708389566486 [label = "p.tmp2 = p.delta01 > 25;
"  pos = "750,0" fillcolor=white];
17580904786788617217 [label = "p.delta02 = (p.tmp10) ? (0) : p.delta01;
"  pos = "750,75" fillcolor=white];
114563285460746787 [label = "p.m00 = m[p.flow_index20];
p.tmp3 = p.m00 < 10;
p.tmp00 = p.tmp2 && p.tmp3;
p.tmp4 = p.m00 + 1;
p.m01 = (p.tmp00) ? p.tmp4 : p.m00;
m[p.flow_index20] = (p.tmp10) ? (0) : p.m01;
"  pos = "1000,0" fillcolor=darkturquoise];
5941276905486408992 [label = "p.m02 = (p.tmp10) ? (0) : p.m01;
"  pos = "1250,0" fillcolor=white];
5183061525427739788 -> 8251487587282907634 ;
5183061525427739788 -> 9029537057543364321 ;
5183061525427739788 -> 114563285460746787 ;
8251487587282907634 -> 9029537057543364321 ;
8251487587282907634 -> 114563285460746787 ;
8251487587282907634 -> 12120642050126512830 ;
8251487587282907634 -> 5941276905486408992 ;
8251487587282907634 -> 17580904786788617217 ;
9029537057543364321 -> 10405678708389566486 ;
9029537057543364321 -> 17580904786788617217 ;
114563285460746787 -> 5941276905486408992 ;
10405678708389566486 -> 114563285460746787 ;
}
