Total of 4 stages
Maximum of 5 atoms/stage
Total of 15 atoms
SKETCH version 1.6.9
Benchmark = /tmp/sketchX5mDMd.sk
[SKETCH] DONE
Total time = 421
Sketch succeeded with random seed 1804289383 , input sketch available at /tmp/success.sk
SKETCH version 1.6.9
Benchmark = /tmp/sketchAVfqCF.sk
[SKETCH] DONE
Total time = 597
Sketch succeeded with random seed 846930886 , input sketch available at /tmp/success.sk
SKETCH version 1.6.9
Benchmark = /tmp/sketchzdFLz9.sk
[SKETCH] DONE
Total time = 633
Sketch succeeded with random seed 1681692777 , input sketch available at /tmp/success.sk
SKETCH version 1.6.9
Benchmark = /tmp/sketchgHOZUF.sk
[SKETCH] DONE
Total time = 466
Sketch succeeded with random seed 1714636915 , input sketch available at /tmp/success.sk
DONE