// hash_output_idx hash_output_idx0
// hash_output_idx0 hash_output_idx00
// hash_output_value hash_output_value0
// hll_hash hll_hash0
// hll_sketch0 hll_sketch01
digraph graph_output {splines=true node [shape = box style="rounded,filled"];
8357430958732383431 [label = "p.hash_output_idx00 = p.hll_hash >> 26"  fillcolor=white];
17942351572720937116 [label = "p.hll_sketch00 = hll_sketch[p.hash_output_idx00]"  fillcolor=white];
6310197252685125360 [label = "p.hll_hash0 = hash5(p.ipv4_src, p.ipv4_dst, p.tcp_src, p.tcp_dst, p.ipv4_proto) % 64"  fillcolor=white];
121374412280490785 [label = "p.hll_sketch01 = p.hll_hash0 & 67108863"  fillcolor=white];
13613563666902796098 [label = "hll_sketch[p.hash_output_idx00] = p.hll_sketch01"  fillcolor=white];
8357430958732383431 -> 17942351572720937116 ;
8357430958732383431 -> 13613563666902796098 ;
17942351572720937116 -> 13613563666902796098 ;
6310197252685125360 -> 121374412280490785 ;
121374412280490785 -> 13613563666902796098 ;
13613563666902796098 -> 17942351572720937116 ;
}
// Warning: edge already exists, ignoring add_edge command
digraph pipeline_diagram {splines=true node [shape = box style="rounded,filled" fontsize = 10];
12088987841996586386 [label = "p.hash_output_idx00 = p.hll_hash >> 26;
"  pos = "0,0" fillcolor=white];
731495475712923488 [label = "p.hll_hash0 = hash5(p.ipv4_src, p.ipv4_dst, p.tcp_src, p.tcp_dst, p.ipv4_proto) % 64;
"  pos = "0,75" fillcolor=white];
2361247268851753693 [label = "p.hll_sketch01 = p.hll_hash0 & 67108863;
"  pos = "250,0" fillcolor=white];
11311819383207991408 [label = "p.hll_sketch00 = hll_sketch[p.hash_output_idx00];
hll_sketch[p.hash_output_idx00] = p.hll_sketch01;
"  pos = "500,0" fillcolor=darkturquoise];
12088987841996586386 -> 11311819383207991408 ;
731495475712923488 -> 2361247268851753693 ;
2361247268851753693 -> 11311819383207991408 ;
}
